<?xml version="1.0" encoding="UTF-8"?>
<testsuites>
    <testsuite name="force.apex" timestamp="2019-10-18T09:52:19-04:00" hostname="https://dream-momentum-8339-dev-ed.cs42.my.salesforce.com/" tests="1" failures="1"  errors="0"  time="0">
        <properties>
            <property name="outcome" value="Failed"/>
            <property name="testsRan" value="1"/>
            <property name="passing" value="0"/>
            <property name="failing" value="1"/>
            <property name="skipped" value="0"/>
            <property name="passRate" value="0%"/>
            <property name="failRate" value="100%"/>
            <property name="testStartTime" value="Oct 18, 2019 9:52 AM"/>
            <property name="testExecutionTime" value="0 s"/>
            <property name="testTotalTime" value="0 s"/>
            <property name="commandTime" value="4.76 s"/>
            <property name="hostname" value="https://dream-momentum-8339-dev-ed.cs42.my.salesforce.com/"/>
            <property name="orgId" value="00D560000002CSWEA2"/>
            <property name="username" value="test-egsyittfeedl@example.com"/>
            <property name="testRunId" value="7075600000lK1Ub"/>
            <property name="userId" value="00556000003bhPyAAI"/>
        </properties>
        <testcase name="calculateGPATester" classname="GPAControllerTests" time="0">
            <failure message="System.LimitException: Too many SOQL queries: 101"><![CDATA[Class.ClassEnrollmentTriggerHelper.checkDuplicateEnrollment: line 7, column 1
Trigger.ClassEnrollmentTrigger: line 5, column 1]]></failure>
        </testcase>
    </testsuite>
</testsuites>
